2023-02-22 14:01:45:145 - [32minfo[39m: [32mAplicação está funcionando na porta: 3000[39m
2023-02-22 14:03:15:315 - [32minfo[39m: [32mAplicação está funcionando na porta: 3000[39m
2023-02-22 14:03:35:335 - [32minfo[39m: [32mAplicação está funcionando na porta: 3000[39m
2023-02-22 14:03:46:346 - [32minfo[39m: [32mAplicação está funcionando na porta: 3000[39m
2023-02-22 14:04:06:46 - [32minfo[39m: [32mConectou ao banco de dados![39m
2023-02-22 14:04:06:46 - [32minfo[39m: [32mAplicação está funcionando na porta: 3000[39m
2023-02-22 14:04:56:456 - [32minfo[39m: [32mConectou ao banco de dados![39m
2023-02-22 14:04:56:456 - [32minfo[39m: [32mAplicação está funcionando na porta: 3000[39m
2023-02-22 14:05:11:511 - [32minfo[39m: [32mConectou ao banco de dados![39m
2023-02-22 14:05:11:511 - [32minfo[39m: [32mAplicação está funcionando na porta: 3000[39m
2023-02-22 14:05:20:520 - [32minfo[39m: [32mConectou ao banco de dados![39m
2023-02-22 14:05:20:520 - [32minfo[39m: [32mAplicação está funcionando na porta: 3000[39m
2023-02-22 14:05:33:533 - [31merror[39m: [31mNão foi possível conectar![39m
2023-02-22 14:05:33:533 - [31merror[39m: [31mErro: Error: querySrv ENOTFOUND _mongodb._tcp.cluster0.9q2uigb.mongodb.net[39m
2023-02-22 14:05:33:533 - [32minfo[39m: [32mAplicação está funcionando na porta: 3000[39m
2023-02-22 14:06:00:60 - [32minfo[39m: [32mConectou ao banco de dados![39m
2023-02-22 14:06:00:60 - [32minfo[39m: [32mAplicação está funcionando na porta: 3000[39m
2023-02-22 14:06:33:633 - [32minfo[39m: [32mConectou ao banco de dados![39m
2023-02-22 14:06:33:633 - [32minfo[39m: [32mAplicação está funcionando na porta: 3000[39m
2023-02-22 14:07:04:74 - [31merror[39m: [31mNão foi possível conectar![39m
2023-02-22 14:07:26:726 - [32minfo[39m: [32mConectou ao banco de dados![39m
2023-02-22 14:07:26:726 - [32minfo[39m: [32mAplicação está funcionando na porta: 3000[39m
2023-02-22 14:28:01:281 - [32minfo[39m: [32mConectou ao banco de dados![39m
2023-02-22 14:28:01:281 - [32minfo[39m: [32mAplicação está funcionando na porta: 3000[39m
2023-02-22 14:28:38:2838 - [32minfo[39m: [32mConectou ao banco de dados![39m
2023-02-22 14:28:38:2838 - [32minfo[39m: [32mAplicação está funcionando na porta: 3000[39m
2023-02-22 14:29:14:2914 - [32minfo[39m: [32mConectou ao banco de dados![39m
2023-02-22 14:29:14:2914 - [32minfo[39m: [32mAplicação está funcionando na porta: 3000[39m
2023-02-22 14:29:49:2949 - [32minfo[39m: [32mConectou ao banco de dados![39m
2023-02-22 14:29:49:2949 - [32minfo[39m: [32mAplicação está funcionando na porta: 3000[39m
2023-02-22 14:30:42:3042 - [32minfo[39m: [32mConectou ao banco de dados![39m
2023-02-22 14:30:42:3042 - [32minfo[39m: [32mAplicação está funcionando na porta: 3000[39m
2023-02-22 14:30:54:3054 - [35mhttp[39m: [35mGET /api/test 200 12 - 18.792 ms[39m
[35m[39m
2023-02-22 14:31:46:3146 - [35mhttp[39m: [35mGET /api/test 200 12 - 2.162 ms[39m
[35m[39m
2023-02-22 18:10:43:1043 - [32minfo[39m: [32mConectou ao banco de dados![39m
2023-02-22 18:10:43:1043 - [32minfo[39m: [32mAplicação está funcionando na porta: 3000[39m
2023-02-22 18:11:00:110 - [32minfo[39m: [32mConectou ao banco de dados![39m
2023-02-22 18:11:00:110 - [32minfo[39m: [32mAplicação está funcionando na porta: 3000[39m
2023-02-22 18:12:16:1216 - [32minfo[39m: [32mConectou ao banco de dados![39m
2023-02-22 18:12:16:1216 - [32minfo[39m: [32mAplicação está funcionando na porta: 3000[39m
2023-02-22 18:15:21:1521 - [35mhttp[39m: [35mPOST /api/test/movie 404 154 - 16.329 ms[39m
[35m[39m
2023-02-22 18:15:31:1531 - [35mhttp[39m: [35mPOST /api/movie 200 22 - 3.810 ms[39m
[35m[39m
2023-02-22 18:28:31:2831 - [32minfo[39m: [32mConectou ao banco de dados![39m
2023-02-22 18:28:31:2831 - [32minfo[39m: [32mAplicação está funcionando na porta: 3000[39m
2023-02-22 18:29:38:2938 - [32minfo[39m: [32mConectou ao banco de dados![39m
2023-02-22 18:29:38:2938 - [32minfo[39m: [32mAplicação está funcionando na porta: 3000[39m
2023-02-22 18:29:43:2943 - [32minfo[39m: [32mConectou ao banco de dados![39m
2023-02-22 18:29:43:2943 - [32minfo[39m: [32mAplicação está funcionando na porta: 3000[39m
2023-02-22 18:30:52:3052 - [32minfo[39m: [32mConectou ao banco de dados![39m
2023-02-22 18:30:52:3052 - [32minfo[39m: [32mAplicação está funcionando na porta: 3000[39m
2023-02-22 18:31:15:3115 - [32minfo[39m: [32mConectou ao banco de dados![39m
2023-02-22 18:31:15:3115 - [32minfo[39m: [32mAplicação está funcionando na porta: 3000[39m
2023-02-22 18:31:35:3135 - [32minfo[39m: [32mConectou ao banco de dados![39m
2023-02-22 18:31:35:3135 - [32minfo[39m: [32mAplicação está funcionando na porta: 3000[39m
2023-02-22 18:33:37:3337 - [35mhttp[39m: [35mPOST /api/movie 201 155 - 149.128 ms[39m
[35m[39m
2023-02-22 18:52:04:524 - [32minfo[39m: [32mConectou ao banco de dados![39m
2023-02-22 18:52:04:524 - [32minfo[39m: [32mAplicação está funcionando na porta: 3000[39m
2023-02-22 18:52:45:5245 - [35mhttp[39m: [35mPOST /api/movie 201 151 - 145.338 ms[39m
[35m[39m
2023-02-22 19:07:43:743 - [32minfo[39m: [32mConectou ao banco de dados![39m
2023-02-22 19:07:44:744 - [32minfo[39m: [32mAplicação está funcionando na porta: 3000[39m
2023-02-22 19:07:53:753 - [35mhttp[39m: [35mPOST /api/movie 201 143 - 156.474 ms[39m
[35m[39m
2023-02-22 19:13:04:134 - [32minfo[39m: [32mConectou ao banco de dados![39m
2023-02-22 19:13:04:134 - [32minfo[39m: [32mAplicação está funcionando na porta: 3000[39m
2023-02-22 19:13:08:138 - [35mhttp[39m: [35mPOST /api/movie 201 143 - 140.606 ms[39m
[35m[39m
2023-02-22 19:14:25:1425 - [35mhttp[39m: [35mPOST /api/movie 422 50 - 3.388 ms[39m
[35m[39m
2023-02-22 19:15:48:1548 - [32minfo[39m: [32mConectou ao banco de dados![39m
2023-02-22 19:15:48:1548 - [32minfo[39m: [32mAplicação está funcionando na porta: 3000[39m
2023-02-22 19:16:54:1654 - [32minfo[39m: [32mConectou ao banco de dados![39m
2023-02-22 19:16:54:1654 - [32minfo[39m: [32mAplicação está funcionando na porta: 3000[39m
2023-02-22 19:17:03:173 - [35mhttp[39m: [35mPOST /api/movie 422 70 - 18.528 ms[39m
[35m[39m
2023-02-22 19:18:33:1833 - [32minfo[39m: [32mConectou ao banco de dados![39m
2023-02-22 19:18:33:1833 - [32minfo[39m: [32mAplicação está funcionando na porta: 3000[39m
2023-02-22 19:18:49:1849 - [35mhttp[39m: [35mPOST /api/movie 422 55 - 10.764 ms[39m
[35m[39m
2023-02-22 19:19:50:1950 - [35mhttp[39m: [35mPOST /api/movie 422 55 - 4.319 ms[39m
[35m[39m
2023-02-22 19:23:07:237 - [32minfo[39m: [32mConectou ao banco de dados![39m
2023-02-22 19:23:07:237 - [32minfo[39m: [32mAplicação está funcionando na porta: 3000[39m
2023-02-22 19:23:16:2316 - [32minfo[39m: [32mConectou ao banco de dados![39m
2023-02-22 19:23:16:2316 - [32minfo[39m: [32mAplicação está funcionando na porta: 3000[39m
2023-02-22 19:23:25:2325 - [35mhttp[39m: [35mPOST /api/movie 422 57 - 10.955 ms[39m
[35m[39m
2023-02-22 19:24:46:2446 - [32minfo[39m: [32mConectou ao banco de dados![39m
2023-02-22 19:24:46:2446 - [32minfo[39m: [32mAplicação está funcionando na porta: 3000[39m
2023-02-22 19:25:05:255 - [35mhttp[39m: [35mPOST /api/movie 422 106 - 12.840 ms[39m
[35m[39m
2023-02-22 19:25:11:2511 - [35mhttp[39m: [35mPOST /api/movie 422 61 - 3.018 ms[39m
[35m[39m
2023-02-22 19:25:53:2553 - [35mhttp[39m: [35mPOST /api/movie 201 212 - 161.890 ms[39m
[35m[39m
2023-02-22 19:27:34:2734 - [32minfo[39m: [32mConectou ao banco de dados![39m
2023-02-22 19:27:34:2734 - [32minfo[39m: [32mAplicação está funcionando na porta: 3000[39m
2023-02-22 19:27:39:2739 - [35mhttp[39m: [35mPOST /api/movie 422 62 - 16.756 ms[39m
[35m[39m
2023-02-22 19:28:47:2847 - [35mhttp[39m: [35mPOST /api/movie 201 235 - 148.028 ms[39m
[35m[39m
2023-02-22 19:30:13:3013 - [32minfo[39m: [32mConectou ao banco de dados![39m
2023-02-22 19:30:13:3013 - [32minfo[39m: [32mAplicação está funcionando na porta: 3000[39m
2023-02-22 19:35:49:3549 - [35mhttp[39m: [35mPOST /api/movie 422 55 - 24.869 ms[39m
[35m[39m
2023-02-22 19:38:00:380 - [35mhttp[39m: [35mPOST /api/movie 422 55 - 3.642 ms[39m
[35m[39m
2023-02-22 19:43:54:4354 - [35mhttp[39m: [35mPOST /api/movie 201 375 - 234.837 ms[39m
[35m[39m
2023-02-22 19:47:47:4747 - [32minfo[39m: [32mConectou ao banco de dados![39m
2023-02-22 19:47:47:4747 - [32minfo[39m: [32mAplicação está funcionando na porta: 3000[39m
2023-02-22 19:48:11:4811 - [32minfo[39m: [32mConectou ao banco de dados![39m
2023-02-22 19:48:11:4811 - [32minfo[39m: [32mAplicação está funcionando na porta: 3000[39m
2023-02-22 19:49:17:4917 - [32minfo[39m: [32mConectou ao banco de dados![39m
2023-02-22 19:49:17:4917 - [32minfo[39m: [32mAplicação está funcionando na porta: 3000[39m
2023-02-22 19:50:01:501 - [32minfo[39m: [32mConectou ao banco de dados![39m
2023-02-22 19:50:01:501 - [32minfo[39m: [32mAplicação está funcionando na porta: 3000[39m
2023-02-22 19:50:18:5018 - [32minfo[39m: [32mConectou ao banco de dados![39m
2023-02-22 19:50:18:5018 - [32minfo[39m: [32mAplicação está funcionando na porta: 3000[39m
2023-02-22 19:51:01:511 - [32minfo[39m: [32mConectou ao banco de dados![39m
2023-02-22 19:51:01:511 - [32minfo[39m: [32mAplicação está funcionando na porta: 3000[39m
2023-02-22 19:51:06:516 - [32minfo[39m: [32mConectou ao banco de dados![39m
2023-02-22 19:51:06:516 - [32minfo[39m: [32mAplicação está funcionando na porta: 3000[39m
2023-02-22 19:51:53:5153 - [32minfo[39m: [32mConectou ao banco de dados![39m
2023-02-22 19:51:53:5153 - [32minfo[39m: [32mAplicação está funcionando na porta: 3000[39m
2023-02-22 19:53:10:5310 - [35mhttp[39m: [35mPOST /api/movie/63f69aaa8074bf14e216c0f5 404 174 - 2.910 ms[39m
[35m[39m
2023-02-22 19:53:37:5337 - [35mhttp[39m: [35mPOST /api/movie/63f69aaa8074bf14e216c0f3 404 174 - 1.117 ms[39m
[35m[39m
2023-02-22 19:53:44:5344 - [35mhttp[39m: [35mPOST /api/movie/63f69aaa8074bf14e216c0f2 404 174 - 0.371 ms[39m
[35m[39m
2023-02-22 19:53:50:5350 - [35mhttp[39m: [35mGET /api/movie/63f69aaa8074bf14e216c0f2 404 32 - 151.481 ms[39m
[35m[39m
2023-02-22 19:54:03:543 - [35mhttp[39m: [35mGET /api/movie/63f69aaa8074bf14e216c0f3 - - - - ms[39m
[35m[39m
2023-02-22 19:54:09:549 - [31merror[39m: [31mErro no sistema: Cast to ObjectId failed for value "63f69aaa8074bf14e216c0f32" (type string) at path "_id" for model "Movie"[39m
2023-02-22 19:54:26:5426 - [35mhttp[39m: [35mGET /api/movie/63f69aaa8074bf14e216c0f32 - - - - ms[39m
[35m[39m
2023-02-22 19:54:52:5452 - [35mhttp[39m: [35mGET /api/movie/63f69aaa8074bf14e216c0f3 - - - - ms[39m
[35m[39m
2023-02-22 19:55:58:5558 - [32minfo[39m: [32mConectou ao banco de dados![39m
2023-02-22 19:55:58:5558 - [32minfo[39m: [32mAplicação está funcionando na porta: 3000[39m
2023-02-22 19:56:07:567 - [35mhttp[39m: [35mGET /api/movie/63f69aaa8074bf14e216c0f3 200 375 - 153.625 ms[39m
[35m[39m
2023-02-22 19:57:21:5721 - [32minfo[39m: [32mConectou ao banco de dados![39m
2023-02-22 19:57:21:5721 - [32minfo[39m: [32mAplicação está funcionando na porta: 3000[39m
2023-02-22 19:57:52:5752 - [32minfo[39m: [32mConectou ao banco de dados![39m
2023-02-22 19:57:52:5752 - [32minfo[39m: [32mAplicação está funcionando na porta: 3000[39m
2023-02-22 20:04:02:42 - [32minfo[39m: [32mConectou ao banco de dados![39m
2023-02-22 20:04:02:42 - [32minfo[39m: [32mAplicação está funcionando na porta: 3000[39m
2023-02-22 20:04:28:428 - [32minfo[39m: [32mConectou ao banco de dados![39m
2023-02-22 20:04:28:428 - [32minfo[39m: [32mAplicação está funcionando na porta: 3000[39m
2023-02-22 20:04:35:435 - [32minfo[39m: [32mConectou ao banco de dados![39m
2023-02-22 20:04:35:435 - [32minfo[39m: [32mAplicação está funcionando na porta: 3000[39m
2023-02-22 20:05:05:55 - [32minfo[39m: [32mConectou ao banco de dados![39m
2023-02-22 20:05:05:55 - [32minfo[39m: [32mAplicação está funcionando na porta: 3000[39m
2023-02-22 20:05:36:536 - [35mhttp[39m: [35mGET /api/movie 200 1422 - 206.113 ms[39m
[35m[39m
2023-02-22 20:15:59:1559 - [32minfo[39m: [32mConectou ao banco de dados![39m
2023-02-22 20:15:59:1559 - [32minfo[39m: [32mAplicação está funcionando na porta: 3000[39m
2023-02-22 20:16:50:1650 - [32minfo[39m: [32mConectou ao banco de dados![39m
2023-02-22 20:16:50:1650 - [32minfo[39m: [32mAplicação está funcionando na porta: 3000[39m
2023-02-22 20:17:44:1744 - [32minfo[39m: [32mConectou ao banco de dados![39m
2023-02-22 20:17:44:1744 - [32minfo[39m: [32mAplicação está funcionando na porta: 3000[39m
2023-02-22 20:17:59:1759 - [32minfo[39m: [32mConectou ao banco de dados![39m
2023-02-22 20:17:59:1759 - [32minfo[39m: [32mAplicação está funcionando na porta: 3000[39m
2023-02-22 20:19:20:1920 - [32minfo[39m: [32mConectou ao banco de dados![39m
2023-02-22 20:19:20:1920 - [32minfo[39m: [32mAplicação está funcionando na porta: 3000[39m
2023-02-22 20:20:18:2018 - [32minfo[39m: [32mConectou ao banco de dados![39m
2023-02-22 20:20:18:2018 - [32minfo[39m: [32mAplicação está funcionando na porta: 3000[39m
2023-02-22 20:20:40:2040 - [32minfo[39m: [32mConectou ao banco de dados![39m
2023-02-22 20:20:40:2040 - [32minfo[39m: [32mAplicação está funcionando na porta: 3000[39m
2023-02-22 20:20:49:2049 - [32minfo[39m: [32mConectou ao banco de dados![39m
2023-02-22 20:20:49:2049 - [32minfo[39m: [32mAplicação está funcionando na porta: 3000[39m
2023-02-22 20:21:22:2122 - [32minfo[39m: [32mConectou ao banco de dados![39m
2023-02-22 20:21:22:2122 - [32minfo[39m: [32mAplicação está funcionando na porta: 3000[39m
2023-02-22 20:22:25:2225 - [35mhttp[39m: [35mDELETE /api/movie/63f68ead4493630d06a661ee - - - - ms[39m
[35m[39m
2023-02-22 20:22:32:2232 - [31merror[39m: [31mErro no sistema: Cast to ObjectId failed for value "63f68ead4493630d06a661e" (type string) at path "_id" for model "Movie"[39m
2023-02-22 20:22:32:2232 - [35mhttp[39m: [35mDELETE /api/movie/63f68ead4493630d06a661e 500 39 - 12.355 ms[39m
[35m[39m
2023-02-22 20:23:29:2329 - [35mhttp[39m: [35mDELETE /api/movie/ 404 152 - 1.532 ms[39m
[35m[39m
2023-02-22 20:23:35:2335 - [35mhttp[39m: [35mGET /api/movie/ 200 1422 - 133.837 ms[39m
[35m[39m
2023-02-22 20:23:45:2345 - [35mhttp[39m: [35mGET /api/movie/63f68a31c2f179d898ea9b1a 200 155 - 114.935 ms[39m
[35m[39m
2023-02-22 20:23:57:2357 - [35mhttp[39m: [35mDELETE /api/movie/63f68a31c2f179d898ea9b1b 404 32 - 107.975 ms[39m
[35m[39m
2023-02-22 20:24:24:2424 - [35mhttp[39m: [35mDELETE /api/movie/63f68a31c2f179d898ea9b1a - - - - ms[39m
[35m[39m
2023-02-22 20:25:57:2557 - [32minfo[39m: [32mConectou ao banco de dados![39m
2023-02-22 20:25:57:2557 - [32minfo[39m: [32mAplicação está funcionando na porta: 3000[39m
2023-02-22 20:26:00:260 - [35mhttp[39m: [35mDELETE /api/movie/63f68a31c2f179d898ea9b1a 200 37 - 263.178 ms[39m
[35m[39m
2023-02-22 20:27:10:2710 - [35mhttp[39m: [35mDELETE /api/movie/63f69aaa8074bf14e216c0f3 200 37 - 226.145 ms[39m
[35m[39m
2023-02-22 20:32:23:3223 - [32minfo[39m: [32mConectou ao banco de dados![39m
2023-02-22 20:32:23:3223 - [32minfo[39m: [32mAplicação está funcionando na porta: 3000[39m
2023-02-22 20:33:57:3357 - [32minfo[39m: [32mConectou ao banco de dados![39m
2023-02-22 20:33:57:3357 - [32minfo[39m: [32mAplicação está funcionando na porta: 3000[39m
2023-02-22 20:34:18:3418 - [32minfo[39m: [32mConectou ao banco de dados![39m
2023-02-22 20:34:18:3418 - [32minfo[39m: [32mAplicação está funcionando na porta: 3000[39m
2023-02-22 20:35:03:353 - [32minfo[39m: [32mConectou ao banco de dados![39m
2023-02-22 20:35:03:353 - [32minfo[39m: [32mAplicação está funcionando na porta: 3000[39m
2023-02-22 20:35:23:3523 - [35mhttp[39m: [35mPATCH /api/movie/63f69aaa8074bf14e216c0f3 404 32 - 135.961 ms[39m
[35m[39m
2023-02-22 20:36:19:3619 - [32minfo[39m: [32mConectou ao banco de dados![39m
2023-02-22 20:36:19:3619 - [32minfo[39m: [32mAplicação está funcionando na porta: 3000[39m
2023-02-22 20:40:19:4019 - [32minfo[39m: [32mConectou ao banco de dados![39m
2023-02-22 20:40:19:4019 - [32minfo[39m: [32mAplicação está funcionando na porta: 3000[39m
2023-02-22 20:40:30:4030 - [32minfo[39m: [32mConectou ao banco de dados![39m
2023-02-22 20:40:30:4030 - [32minfo[39m: [32mAplicação está funcionando na porta: 3000[39m
2023-02-22 20:41:28:4128 - [32minfo[39m: [32mConectou ao banco de dados![39m
2023-02-22 20:41:28:4128 - [32minfo[39m: [32mAplicação está funcionando na porta: 3000[39m
2023-02-22 20:41:43:4143 - [32minfo[39m: [32mConectou ao banco de dados![39m
2023-02-22 20:41:43:4143 - [32minfo[39m: [32mAplicação está funcionando na porta: 3000[39m
2023-02-22 20:41:56:4156 - [32minfo[39m: [32mConectou ao banco de dados![39m
2023-02-22 20:41:56:4156 - [32minfo[39m: [32mAplicação está funcionando na porta: 3000[39m
2023-02-22 20:42:15:4215 - [32minfo[39m: [32mConectou ao banco de dados![39m
2023-02-22 20:42:15:4215 - [32minfo[39m: [32mAplicação está funcionando na porta: 3000[39m
2023-02-22 20:43:46:4346 - [35mhttp[39m: [35mPOST /api/movie 201 375 - 240.826 ms[39m
[35m[39m
2023-02-22 20:45:05:455 - [35mhttp[39m: [35mPATCH /api/movie/63f6a8b22c31fd49231879bd 200 258 - 291.113 ms[39m
[35m[39m
2023-02-22 20:45:41:4541 - [35mhttp[39m: [35mPATCH /api/movie/63f6a8b22c31fd49231879bd 200 258 - 236.448 ms[39m
[35m[39m
2023-02-22 20:48:31:4831 - [32minfo[39m: [32mConectou ao banco de dados![39m
2023-02-22 20:48:31:4831 - [32minfo[39m: [32mAplicação está funcionando na porta: 3000[39m
